This is pdfTeX, Version 3.141592653-2.6-1.40.24 (MiKTeX 22.3) (preloaded format=pdflatex 2022.3.22)  22 MAR 2022 15:07
entering extended mode
 restricted \write18 enabled.
 %&-line parsing enabled.
**./main.tex
(main.tex
LaTeX2e <2021-11-15> patch level 1
L3 programming layer <2022-02-24>
(C:\Users\gusta\AppData\Local\Programs\MiKTeX\tex/latex/base\article.cls
Document Class: article 2021/10/04 v1.4n Standard LaTeX document class
(C:\Users\gusta\AppData\Local\Programs\MiKTeX\tex/latex/base\size10.clo
File: size10.clo 2021/10/04 v1.4n Standard LaTeX file (size option)
)
\c@part=\count185
\c@section=\count186
\c@subsection=\count187
\c@subsubsection=\count188
\c@paragraph=\count189
\c@subparagraph=\count190
\c@figure=\count191
\c@table=\count192
\abovecaptionskip=\skip47
\belowcaptionskip=\skip48
\bibindent=\dimen138
)
(C:\Users\gusta\AppData\Local\Programs\MiKTeX\tex/latex/base\inputenc.sty
Package: inputenc 2021/02/14 v1.3d Input encoding file
\inpenc@prehook=\toks16
\inpenc@posthook=\toks17
)
(C:\Users\gusta\AppData\Local\Programs\MiKTeX\tex/latex/geometry\geometry.sty
Package: geometry 2020/01/02 v5.9 Page Geometry

(C:\Users\gusta\AppData\Local\Programs\MiKTeX\tex/latex/graphics\keyval.sty
Package: keyval 2014/10/28 v1.15 key=value parser (DPC)
\KV@toks@=\toks18
)
(C:\Users\gusta\AppData\Local\Programs\MiKTeX\tex/generic/iftex\ifvtex.sty
Package: ifvtex 2019/10/25 v1.7 ifvtex legacy package. Use iftex instead.

(C:\Users\gusta\AppData\Local\Programs\MiKTeX\tex/generic/iftex\iftex.sty
Package: iftex 2022/02/03 v1.0f TeX engine tests
))
\Gm@cnth=\count193
\Gm@cntv=\count194
\c@Gm@tempcnt=\count195
\Gm@bindingoffset=\dimen139
\Gm@wd@mp=\dimen140
\Gm@odd@mp=\dimen141
\Gm@even@mp=\dimen142
\Gm@layoutwidth=\dimen143
\Gm@layoutheight=\dimen144
\Gm@layouthoffset=\dimen145
\Gm@layoutvoffset=\dimen146
\Gm@dimlist=\toks19

(C:\Users\gusta\AppData\Local\Programs\MiKTeX\tex/latex/geometry\geometry.cfg))
(C:\Users\gusta\AppData\Local\Programs\MiKTeX\tex/latex/listings\listings.sty
\lst@mode=\count196
\lst@gtempboxa=\box50
\lst@token=\toks20
\lst@length=\count197
\lst@currlwidth=\dimen147
\lst@column=\count198
\lst@pos=\count199
\lst@lostspace=\dimen148
\lst@width=\dimen149
\lst@newlines=\count266
\lst@lineno=\count267
\lst@maxwidth=\dimen150

(C:\Users\gusta\AppData\Local\Programs\MiKTeX\tex/latex/listings\lstmisc.sty
File: lstmisc.sty 2020/03/24 1.8d (Carsten Heinz)
\c@lstnumber=\count268
\lst@skipnumbers=\count269
\lst@framebox=\box51
)
(C:\Users\gusta\AppData\Local\Programs\MiKTeX\tex/latex/listings\listings.cfg
File: listings.cfg 2020/03/24 1.8d listings configuration
))
Package: listings 2020/03/24 1.8d (Carsten Heinz)

(C:\Users\gusta\AppData\Local\Programs\MiKTeX\tex/latex/ebgaramond\ebgaramond.s
ty
Package: ebgaramond 2020/04/12 (Bob Tennent and autoinst) Style file for EB Gar
amond fonts.
 (C:\Users\gusta\AppData\Local\Programs\MiKTeX\tex/generic/iftex\ifxetex.sty
Package: ifxetex 2019/10/25 v0.7 ifxetex legacy package. Use iftex instead.
) (C:\Users\gusta\AppData\Local\Programs\MiKTeX\tex/generic/iftex\ifluatex.sty
Package: ifluatex 2019/10/25 v1.5 ifluatex legacy package. Use iftex instead.
)
(C:\Users\gusta\AppData\Local\Programs\MiKTeX\tex/latex/xkeyval\xkeyval.sty
Package: xkeyval 2020/11/20 v2.8 package option processing (HA)

(C:\Users\gusta\AppData\Local\Programs\MiKTeX\tex/generic/xkeyval\xkeyval.tex
(C:\Users\gusta\AppData\Local\Programs\MiKTeX\tex/generic/xkeyval\xkvutils.tex
\XKV@toks=\toks21
\XKV@tempa@toks=\toks22
)
\XKV@depth=\count270
File: xkeyval.tex 2014/12/03 v2.7a key=value parser (HA)
)) (C:\Users\gusta\AppData\Local\Programs\MiKTeX\tex/latex/base\textcomp.sty
Package: textcomp 2020/02/02 v2.0n Standard LaTeX package
)
(C:\Users\gusta\AppData\Local\Programs\MiKTeX\tex/latex/base\fontenc.sty
Package: fontenc 2021/04/29 v2.0v Standard LaTeX package
)
(C:\Users\gusta\AppData\Local\Programs\MiKTeX\tex/latex/fontaxes\fontaxes.sty
Package: fontaxes 2020/07/21 v1.0e Font selection axes
LaTeX Info: Redefining \upshape on input line 29.
LaTeX Info: Redefining \itshape on input line 31.
LaTeX Info: Redefining \slshape on input line 33.
LaTeX Info: Redefining \swshape on input line 35.
LaTeX Info: Redefining \scshape on input line 37.
LaTeX Info: Redefining \sscshape on input line 39.
LaTeX Info: Redefining \ulcshape on input line 41.
LaTeX Info: Redefining \textsw on input line 47.
LaTeX Info: Redefining \textssc on input line 48.
LaTeX Info: Redefining \textulc on input line 49.
)
LaTeX Info: Redefining \oldstylenums on input line 179.
LaTeX Info: Redefining \textsw on input line 187.
) (C:\Users\gusta\AppData\Local\Programs\MiKTeX\tex/latex/base\fontenc.sty
Package: fontenc 2021/04/29 v2.0v Standard LaTeX package
LaTeX Font Info:    Trying to load font information for T1+EBGaramond-OsF on in
put line 112.

(C:\Users\gusta\AppData\Local\Programs\MiKTeX\tex/latex/ebgaramond\t1ebgaramond
-osf.fd
File: T1EBGaramond-OsF.fd 2019/10/22 (autoinst) Font definitions for T1/EBGaram
ond-OsF.
)
LaTeX Font Info:    Font shape `T1/EBGaramond-OsF/m/n' in size <10> not availab
le
(Font)              Font shape `T1/EBGaramond-OsF/regular/n' tried instead on i
nput line 112.
LaTeX Font Info:    Font shape `T1/EBGaramond-OsF/regular/n' will be
(Font)              scaled to size 10.0pt on input line 112.
)
(C:\Users\gusta\AppData\Local\Programs\MiKTeX\tex/latex/hyperref\hyperref.sty
Package: hyperref 2022-02-21 v7.00n Hypertext links for LaTeX

(C:\Users\gusta\AppData\Local\Programs\MiKTeX\tex/generic/ltxcmds\ltxcmds.sty
Package: ltxcmds 2020-05-10 v1.25 LaTeX kernel commands for general use (HO)
)
(C:\Users\gusta\AppData\Local\Programs\MiKTeX\tex/generic/pdftexcmds\pdftexcmds
.sty
Package: pdftexcmds 2020-06-27 v0.33 Utility functions of pdfTeX for LuaTeX (HO
)

(C:\Users\gusta\AppData\Local\Programs\MiKTeX\tex/generic/infwarerr\infwarerr.s
ty
Package: infwarerr 2019/12/03 v1.5 Providing info/warning/error messages (HO)
)
Package pdftexcmds Info: \pdf@primitive is available.
Package pdftexcmds Info: \pdf@ifprimitive is available.
Package pdftexcmds Info: \pdfdraftmode found.
)
(C:\Users\gusta\AppData\Local\Programs\MiKTeX\tex/generic/kvsetkeys\kvsetkeys.s
ty
Package: kvsetkeys 2019/12/15 v1.18 Key value parser (HO)
)
(C:\Users\gusta\AppData\Local\Programs\MiKTeX\tex/generic/kvdefinekeys\kvdefine
keys.sty
Package: kvdefinekeys 2019-12-19 v1.6 Define keys (HO)
)
(C:\Users\gusta\AppData\Local\Programs\MiKTeX\tex/generic/pdfescape\pdfescape.s
ty
Package: pdfescape 2019/12/09 v1.15 Implements pdfTeX's escape features (HO)
) (C:\Users\gusta\AppData\Local\Programs\MiKTeX\tex/latex/hycolor\hycolor.sty
Package: hycolor 2020-01-27 v1.10 Color options for hyperref/bookmark (HO)
)
(C:\Users\gusta\AppData\Local\Programs\MiKTeX\tex/latex/letltxmacro\letltxmacro
.sty
Package: letltxmacro 2019/12/03 v1.6 Let assignment for LaTeX macros (HO)
)
(C:\Users\gusta\AppData\Local\Programs\MiKTeX\tex/latex/auxhook\auxhook.sty
Package: auxhook 2019-12-17 v1.6 Hooks for auxiliary files (HO)
)
(C:\Users\gusta\AppData\Local\Programs\MiKTeX\tex/latex/kvoptions\kvoptions.sty
Package: kvoptions 2020-10-07 v3.14 Key value format for package options (HO)
)
\@linkdim=\dimen151
\Hy@linkcounter=\count271
\Hy@pagecounter=\count272
 (C:\Users\gusta\AppData\Local\Programs\MiKTeX\tex/latex/hyperref\pd1enc.def
File: pd1enc.def 2022-02-21 v7.00n Hyperref: PDFDocEncoding definition (HO)
Now handling font encoding PD1 ...
... no UTF-8 mapping file for font encoding PD1
)
(C:\Users\gusta\AppData\Local\Programs\MiKTeX\tex/generic/intcalc\intcalc.sty
Package: intcalc 2019/12/15 v1.3 Expandable calculations with integers (HO)
)
(C:\Users\gusta\AppData\Local\Programs\MiKTeX\tex/generic/etexcmds\etexcmds.sty
Package: etexcmds 2019/12/15 v1.7 Avoid name clashes with e-TeX commands (HO)
)
\Hy@SavedSpaceFactor=\count273
 (C:\Users\gusta\AppData\Local\Programs\MiKTeX\tex/latex/hyperref\puenc.def
File: puenc.def 2022-02-21 v7.00n Hyperref: PDF Unicode definition (HO)
Now handling font encoding PU ...
... no UTF-8 mapping file for font encoding PU
)
Package hyperref Info: Hyper figures OFF on input line 4137.
Package hyperref Info: Link nesting OFF on input line 4142.
Package hyperref Info: Hyper index ON on input line 4145.
Package hyperref Info: Plain pages OFF on input line 4152.
Package hyperref Info: Backreferencing OFF on input line 4157.
Package hyperref Info: Implicit mode ON; LaTeX internals redefined.
Package hyperref Info: Bookmarks ON on input line 4390.
\c@Hy@tempcnt=\count274

(C:\Users\gusta\AppData\Local\Programs\MiKTeX\tex/latex/url\url.sty
\Urlmuskip=\muskip16
Package: url 2013/09/16  ver 3.4  Verb mode for urls, etc.
)
LaTeX Info: Redefining \url on input line 4749.
\XeTeXLinkMargin=\dimen152

(C:\Users\gusta\AppData\Local\Programs\MiKTeX\tex/generic/bitset\bitset.sty
Package: bitset 2019/12/09 v1.3 Handle bit-vector datatype (HO)

(C:\Users\gusta\AppData\Local\Programs\MiKTeX\tex/generic/bigintcalc\bigintcalc
.sty
Package: bigintcalc 2019/12/15 v1.5 Expandable calculations on big integers (HO
)
))
\Fld@menulength=\count275
\Field@Width=\dimen153
\Fld@charsize=\dimen154
Package hyperref Info: Hyper figures OFF on input line 6027.
Package hyperref Info: Link nesting OFF on input line 6032.
Package hyperref Info: Hyper index ON on input line 6035.
Package hyperref Info: backreferencing OFF on input line 6042.
Package hyperref Info: Link coloring OFF on input line 6047.
Package hyperref Info: Link coloring with OCG OFF on input line 6052.
Package hyperref Info: PDF/A mode OFF on input line 6057.
LaTeX Info: Redefining \ref on input line 6097.
LaTeX Info: Redefining \pageref on input line 6101.

(C:\Users\gusta\AppData\Local\Programs\MiKTeX\tex/latex/base\atbegshi-ltx.sty
Package: atbegshi-ltx 2021/01/10 v1.0c Emulation of the original atbegshi
package with kernel methods
)
\Hy@abspage=\count276
\c@Item=\count277
\c@Hfootnote=\count278
)
Package hyperref Info: Driver (autodetected): hpdftex.
(C:\Users\gusta\AppData\Local\Programs\MiKTeX\tex/latex/hyperref\hpdftex.def
File: hpdftex.def 2022-02-21 v7.00n Hyperref driver for pdfTeX

(C:\Users\gusta\AppData\Local\Programs\MiKTeX\tex/latex/base\atveryend-ltx.sty
Package: atveryend-ltx 2020/08/19 v1.0a Emulation of the original atveryend pac
kage
with kernel methods
)
\Fld@listcount=\count279
\c@bookmark@seq@number=\count280

(C:\Users\gusta\AppData\Local\Programs\MiKTeX\tex/latex/rerunfilecheck\rerunfil
echeck.sty
Package: rerunfilecheck 2019/12/05 v1.9 Rerun checks for auxiliary files (HO)

(C:\Users\gusta\AppData\Local\Programs\MiKTeX\tex/generic/uniquecounter\uniquec
ounter.sty
Package: uniquecounter 2019/12/15 v1.4 Provide unlimited unique counter (HO)
)
Package uniquecounter Info: New unique counter `rerunfilecheck' on input line 2
86.
)
\Hy@SectionHShift=\skip49
)
(C:\Users\gusta\AppData\Local\Programs\MiKTeX\tex/latex/l3backend\l3backend-pdf
tex.def
File: l3backend-pdftex.def 2022-02-07 L3 backend support: PDF output (pdfTeX)
\l__color_backend_stack_int=\count281
\l__pdf_internal_box=\box52
) (main.aux)
\openout1 = `main.aux'.

LaTeX Font Info:    Checking defaults for OML/cmm/m/it on input line 17.
LaTeX Font Info:    ... okay on input line 17.
LaTeX Font Info:    Checking defaults for OMS/cmsy/m/n on input line 17.
LaTeX Font Info:    ... okay on input line 17.
LaTeX Font Info:    Checking defaults for OT1/cmr/m/n on input line 17.
LaTeX Font Info:    ... okay on input line 17.
LaTeX Font Info:    Checking defaults for T1/cmr/m/n on input line 17.
LaTeX Font Info:    ... okay on input line 17.
LaTeX Font Info:    Checking defaults for TS1/cmr/m/n on input line 17.
LaTeX Font Info:    ... okay on input line 17.
LaTeX Font Info:    Checking defaults for OMX/cmex/m/n on input line 17.
LaTeX Font Info:    ... okay on input line 17.
LaTeX Font Info:    Checking defaults for U/cmr/m/n on input line 17.
LaTeX Font Info:    ... okay on input line 17.
LaTeX Font Info:    Checking defaults for PD1/pdf/m/n on input line 17.
LaTeX Font Info:    ... okay on input line 17.
LaTeX Font Info:    Checking defaults for PU/pdf/m/n on input line 17.
LaTeX Font Info:    ... okay on input line 17.

*geometry* driver: auto-detecting
*geometry* detected driver: pdftex
*geometry* verbose mode - [ preamble ] result:
* driver: pdftex
* paper: <default>
* layout: <same size as paper>
* layoutoffset:(h,v)=(0.0pt,0.0pt)
* modes: 
* h-part:(L,W,R)=(85.35826pt, 429.3521pt, 99.58464pt)
* v-part:(T,H,B)=(95.39737pt, 556.47656pt, 143.09605pt)
* \paperwidth=614.295pt
* \paperheight=794.96999pt
* \textwidth=429.3521pt
* \textheight=556.47656pt
* \oddsidemargin=13.08827pt
* \evensidemargin=13.08827pt
* \topmargin=-13.87262pt
* \headheight=12.0pt
* \headsep=25.0pt
* \topskip=10.0pt
* \footskip=30.0pt
* \marginparwidth=65.0pt
* \marginparsep=11.0pt
* \columnsep=10.0pt
* \skip\footins=9.0pt plus 4.0pt minus 2.0pt
* \hoffset=0.0pt
* \voffset=0.0pt
* \mag=1000
* \@twocolumnfalse
* \@twosidefalse
* \@mparswitchfalse
* \@reversemarginfalse
* (1in=72.27pt=25.4mm, 1cm=28.453pt)

\c@lstlisting=\count282
\c@mv@tabular=\count283
\c@mv@boldtabular=\count284
Package hyperref Info: Link coloring OFF on input line 17.
(C:\Users\gusta\AppData\Local\Programs\MiKTeX\tex/latex/hyperref\nameref.sty
Package: nameref 2021-04-02 v2.47 Cross-referencing by name of section

(C:\Users\gusta\AppData\Local\Programs\MiKTeX\tex/latex/refcount\refcount.sty
Package: refcount 2019/12/15 v3.6 Data extraction from label references (HO)
)
(C:\Users\gusta\AppData\Local\Programs\MiKTeX\tex/generic/gettitlestring\gettit
lestring.sty
Package: gettitlestring 2019/12/15 v1.6 Cleanup title references (HO)
)
\c@section@level=\count285
)
LaTeX Info: Redefining \ref on input line 17.
LaTeX Info: Redefining \pageref on input line 17.
LaTeX Info: Redefining \nameref on input line 17.
 (main.out) (main.out)
\@outlinefile=\write3
\openout3 = `main.out'.

LaTeX Font Info:    Font shape `T1/EBGaramond-OsF/m/n' in size <17.28> not avai
lable
(Font)              Font shape `T1/EBGaramond-OsF/regular/n' tried instead on i
nput line 20.
LaTeX Font Info:    Font shape `T1/EBGaramond-OsF/regular/n' will be
(Font)              scaled to size 17.28pt on input line 20.
LaTeX Font Info:    External font `cmex10' loaded for size
(Font)              <17.28> on input line 20.
LaTeX Font Info:    External font `cmex10' loaded for size
(Font)              <12> on input line 20.
LaTeX Font Info:    Font shape `T1/EBGaramond-OsF/m/n' in size <12> not availab
le
(Font)              Font shape `T1/EBGaramond-OsF/regular/n' tried instead on i
nput line 20.
LaTeX Font Info:    Font shape `T1/EBGaramond-OsF/regular/n' will be
(Font)              scaled to size 12.0pt on input line 20.
LaTeX Font Info:    Trying to load font information for TS1+EBGaramond-OsF on i
nput line 20.

(C:\Users\gusta\AppData\Local\Programs\MiKTeX\tex/latex/ebgaramond\ts1ebgaramon
d-osf.fd
File: TS1EBGaramond-OsF.fd 2019/10/22 (autoinst) Font definitions for TS1/EBGar
amond-OsF.
)
LaTeX Font Info:    Font shape `TS1/EBGaramond-OsF/m/n' in size <12> not availa
ble
(Font)              Font shape `TS1/EBGaramond-OsF/regular/n' tried instead on 
input line 20.
LaTeX Font Info:    Font shape `TS1/EBGaramond-OsF/regular/n' will be
(Font)              scaled to size 12.0pt on input line 20.
LaTeX Font Info:    External font `cmex10' loaded for size
(Font)              <8> on input line 20.
LaTeX Font Info:    External font `cmex10' loaded for size
(Font)              <6> on input line 20.
LaTeX Font Info:    Font shape `T1/EBGaramond-OsF/m/n' in size <8> not availabl
e
(Font)              Font shape `T1/EBGaramond-OsF/regular/n' tried instead on i
nput line 20.
LaTeX Font Info:    Font shape `T1/EBGaramond-OsF/regular/n' will be
(Font)              scaled to size 8.0pt on input line 20.
LaTeX Font Info:    Font shape `TS1/EBGaramond-OsF/m/n' in size <8> not availab
le
(Font)              Font shape `TS1/EBGaramond-OsF/regular/n' tried instead on 
input line 20.
LaTeX Font Info:    Font shape `TS1/EBGaramond-OsF/regular/n' will be
(Font)              scaled to size 8.0pt on input line 20.
LaTeX Font Info:    External font `cmex10' loaded for size
(Font)              <5> on input line 20.
LaTeX Font Info:    Font shape `T1/EBGaramond-OsF/m/n' in size <6> not availabl
e
(Font)              Font shape `T1/EBGaramond-OsF/regular/n' tried instead on i
nput line 20.
LaTeX Font Info:    Font shape `T1/EBGaramond-OsF/regular/n' will be
(Font)              scaled to size 6.0pt on input line 20.
LaTeX Font Info:    Font shape `TS1/EBGaramond-OsF/m/n' in size <6> not availab
le
(Font)              Font shape `TS1/EBGaramond-OsF/regular/n' tried instead on 
input line 20.
LaTeX Font Info:    Font shape `TS1/EBGaramond-OsF/regular/n' will be
(Font)              scaled to size 6.0pt on input line 20.
LaTeX Font Info:    Font shape `T1/EBGaramond-OsF/m/n' in size <14.4> not avail
able
(Font)              Font shape `T1/EBGaramond-OsF/regular/n' tried instead on i
nput line 21.
LaTeX Font Info:    Font shape `T1/EBGaramond-OsF/regular/n' will be
(Font)              scaled to size 14.4pt on input line 21.
LaTeX Font Info:    Font shape `T1/EBGaramond-OsF/b/n' in size <14.4> not avail
able
(Font)              Font shape `T1/EBGaramond-OsF/bold/n' tried instead on inpu
t line 21.
LaTeX Font Info:    Font shape `T1/EBGaramond-OsF/bold/n' will be
(Font)              scaled to size 14.4pt on input line 21.
 (main.toc
LaTeX Font Info:    Font shape `T1/EBGaramond-OsF/b/n' in size <10> not availab
le
(Font)              Font shape `T1/EBGaramond-OsF/bold/n' tried instead on inpu
t line 1.
LaTeX Font Info:    Font shape `T1/EBGaramond-OsF/bold/n' will be
(Font)              scaled to size 10.0pt on input line 1.
LaTeX Font Info:    External font `cmex10' loaded for size
(Font)              <7> on input line 3.
)
\tf@toc=\write4
\openout4 = `main.toc'.


Underfull \hbox (badness 10000) in paragraph at lines 25--26

 []


Underfull \hbox (badness 10000) in paragraph at lines 27--28

 []


Underfull \hbox (badness 10000) in paragraph at lines 29--30

 []


Underfull \hbox (badness 10000) in paragraph at lines 35--36

 []

[1

{C:/Users/gusta/AppData/Local/MiKTeX/fonts/map/pdftex/pdftex.map}]
LaTeX Font Info:    Font shape `T1/EBGaramond-OsF/m/n' in size <7> not availabl
e
(Font)              Font shape `T1/EBGaramond-OsF/regular/n' tried instead on i
nput line 37.
LaTeX Font Info:    Font shape `T1/EBGaramond-OsF/regular/n' will be
(Font)              scaled to size 7.0pt on input line 37.
LaTeX Font Info:    Font shape `T1/EBGaramond-OsF/b/n' in size <12> not availab
le
(Font)              Font shape `T1/EBGaramond-OsF/bold/n' tried instead on inpu
t line 40.
LaTeX Font Info:    Font shape `T1/EBGaramond-OsF/bold/n' will be
(Font)              scaled to size 12.0pt on input line 40.
LaTeX Font Info:    Trying to load font information for T1+cmtt on input line 4
2.

(C:\Users\gusta\AppData\Local\Programs\MiKTeX\tex/latex/base\t1cmtt.fd
File: t1cmtt.fd 2019/12/16 v2.5j Standard LaTeX font definitions
)
LaTeX Font Info:    Font shape `TS1/EBGaramond-OsF/m/n' in size <10> not availa
ble
(Font)              Font shape `TS1/EBGaramond-OsF/regular/n' tried instead on 
input line 45.
LaTeX Font Info:    Font shape `TS1/EBGaramond-OsF/regular/n' will be
(Font)              scaled to size 10.0pt on input line 45.

[2] (main.aux)
Package rerunfilecheck Info: File `main.out' has not changed.
(rerunfilecheck)             Checksum: 965B462F8DAD3EA91EE7D3847AB1BCE8;1168.
 ) 
Here is how much of TeX's memory you used:
 10454 strings out of 478582
 169387 string characters out of 2844344
 465511 words of memory out of 3000000
 28498 multiletter control sequences out of 15000+600000
 542035 words of font info for 68 fonts, out of 8000000 for 9000
 1141 hyphenation exceptions out of 8191
 60i,11n,63p,429b,1046s stack positions out of 10000i,1000n,20000p,200000b,80000s
 <C:\Users\gusta\AppData\Local\MiKTeX\fonts/pk/ljfour/jknappen/ec/dpi600\ectt
1000.pk>{C:/Users/gusta/AppData/Local/Programs/MiKTeX/fonts/enc/dvips/ebgaramon
d/ebgm_tcdnmr.enc}{C:/Users/gusta/AppData/Local/Programs/MiKTeX/fonts/enc/dvips
/ebgaramond/ebgm_ld6df2.enc}<C:/Users/gusta/AppData/Local/Programs/MiKTeX/fonts
/type1/public/ebgaramond/EBGaramond-Bold.pfb><C:/Users/gusta/AppData/Local/Prog
rams/MiKTeX/fonts/type1/public/ebgaramond/EBGaramond-Regular.pfb>
Output written on main.pdf (2 pages, 227473 bytes).
PDF statistics:
 114 PDF objects out of 1000 (max. 8388607)
 22 named destinations out of 1000 (max. 500000)
 65 words of extra memory for PDF output out of 10000 (max. 10000000)

